<?xml version="1.0" encoding="UTF-8"?>
<!-- Generated by org.testng.reporters.JUnitXMLReporter -->
<testsuite ignored="0" hostname="Harry" failures="1" tests="9" name="Test" time="71.728" errors="0" timestamp="2023-06-12T15:04:55 IST">
  <testcase classname="testcases.loginTest" name="search" time="9.36"/>
  <testcase classname="testcases.loginTest" name="search" time="7.893"/>
  <testcase classname="testcases.loginTest" name="search" time="7.363"/>
  <testcase classname="testcases.loginTest" name="search" time="7.619"/>
  <testcase classname="testcases.DWS_vote" name="click_vote" time="1.006"/>
  <testcase classname="testcases.DWS_Register" name="register" time="4.366"/>
  <testcase classname="testcases.DWS_search" name="search" time="2.812"/>
  <testcase classname="testcases.DWS_login" name="search" time="0.0">
    <failure type="org.testng.TestNGException" message="
Data Provider public void testcases.DWS_login.logintestData() throws org.apache.poi.EncryptedDocumentException,java.io.IOException returned a null value">
      <![CDATA[org.testng.TestNGException: 
Data Provider public void testcases.DWS_login.logintestData() throws org.apache.poi.EncryptedDocumentException,java.io.IOException returned a null value
at java.base/java.util.ArrayList.forEach(ArrayList.java:1511)
... Removed 24 stack frames]]>
    </failure>
  </testcase> <!-- search -->
  <testcase classname="testcases.DWS_subscribe" name="search" time="1.017"/>
</testsuite> <!-- Test -->
