<?xml version="1.0" encoding="UTF-8"?>
<!-- Generated by org.testng.reporters.JUnitXMLReporter -->
<testsuite ignored="0" hostname="Harry" failures="0" tests="3" name="RegressionTest" time="42.779" errors="0" timestamp="2023-06-02T16:32:15 IST">
  <testcase classname="testcases.DWS_vote" name="click_vote" time="0.645"/>
  <testcase classname="testcases.DWS_search" name="search" time="2.91"/>
  <testcase classname="testcases.DWS_subscribe" name="subscribe" time="0.839"/>
</testsuite> <!-- RegressionTest -->
